INFO:arc_agi.scorecard:Initialized ScorecardManager with idle_for=0:15:00 and max_open_for=3 days, 0:00:00
INFO:arc_agi.scorecard:Initialized ScorecardManager with idle_for=0:15:00 and max_open_for=3 days, 0:00:00
2026-06-10 01:32:38 | INFO | Created new scorecard: 80d6b9c2-156e-4dfb-a579-8241370704de
2026-06-10 01:32:38 | INFO | Found latest version of ar25: ar25-0c556536 (downloaded: 2026-04-08 20:07:48.460282+00:00)
2026-06-10 01:32:38 | INFO | Successfully loaded game class Ar25 from /Users/simonsang/.cache/kagglehub/competitions/arc-prize-2026-arc-agi-3/environment_files/ar25/0c556536/ar25.py
  ar25   LEVEL_CAPPED levels=0/8 actions= 160 plays=1 t=  2.91s
2026-06-10 01:32:41 | INFO | Found latest version of bp35: bp35-0a0ad940 (downloaded: 2026-04-08 20:07:48.891045+00:00)
2026-06-10 01:32:41 | INFO | Successfully loaded game class Bp35 from /Users/simonsang/.cache/kagglehub/competitions/arc-prize-2026-arc-agi-3/environment_files/bp35/0a0ad940/bp35.py
  bp35   LEVEL_CAPPED levels=0/9 actions= 105 plays=1 t=  0.97s
2026-06-10 01:32:42 | INFO | Found latest version of cd82: cd82-fb555c5d (downloaded: 2026-04-08 20:07:49.045128+00:00)
2026-06-10 01:32:42 | INFO | Successfully loaded game class Cd82 from /Users/simonsang/.cache/kagglehub/competitions/arc-prize-2026-arc-agi-3/environment_files/cd82/fb555c5d/cd82.py
  cd82   LEVEL_CAPPED levels=0/6 actions= 275 plays=1 t=  0.52s
2026-06-10 01:32:42 | INFO | Found latest version of cn04: cn04-2fe56bfb (downloaded: 2026-04-08 20:07:49.199835+00:00)
2026-06-10 01:32:42 | INFO | Successfully loaded game class Cn04 from /Users/simonsang/.cache/kagglehub/competitions/arc-prize-2026-arc-agi-3/environment_files/cn04/2fe56bfb/cn04.py
  cn04   LEVEL_CAPPED levels=0/6 actions= 145 plays=1 t=  2.77s
2026-06-10 01:32:45 | INFO | Found latest version of dc22: dc22-fdcac232 (downloaded: 2026-04-08 20:07:48.341428+00:00)
2026-06-10 01:32:45 | INFO | Successfully loaded game class Dc22 from /Users/simonsang/.cache/kagglehub/competitions/arc-prize-2026-arc-agi-3/environment_files/dc22/fdcac232/dc22.py
  dc22   LEVEL_CAPPED levels=0/6 actions= 295 plays=1 t=  0.91s
2026-06-10 01:32:46 | INFO | Found latest version of ft09: ft09-0d8bbf25 (downloaded: 2026-04-08 20:07:48.508616+00:00)
2026-06-10 01:32:46 | INFO | Successfully loaded game class Ft09 from /Users/simonsang/.cache/kagglehub/competitions/arc-prize-2026-arc-agi-3/environment_files/ft09/0d8bbf25/ft09.py
  ft09   LEVEL_CAPPED levels=0/6 actions= 215 plays=1 t=  0.45s
2026-06-10 01:32:46 | INFO | Found latest version of g50t: g50t-5849a774 (downloaded: 2026-04-08 20:07:49.106051+00:00)
2026-06-10 01:32:47 | INFO | Successfully loaded game class G50t from /Users/simonsang/.cache/kagglehub/competitions/arc-prize-2026-arc-agi-3/environment_files/g50t/5849a774/g50t.py
  g50t   LEVEL_CAPPED levels=0/7 actions= 390 plays=1 t=  0.42s
2026-06-10 01:32:47 | INFO | Found latest version of ka59: ka59-38d34dbb (downloaded: 2026-04-08 20:07:48.716889+00:00)
2026-06-10 01:32:47 | INFO | Successfully loaded game class Ka59 from /Users/simonsang/.cache/kagglehub/competitions/arc-prize-2026-arc-agi-3/environment_files/ka59/38d34dbb/ka59.py
  ka59   LEVEL_CAPPED levels=0/7 actions= 140 plays=1 t=  0.26s
2026-06-10 01:32:47 | INFO | Found latest version of lf52: lf52-271a04aa (downloaded: 2026-04-08 20:07:48.931954+00:00)
2026-06-10 01:32:47 | INFO | Successfully loaded game class Lf52 from /Users/simonsang/.cache/kagglehub/competitions/arc-prize-2026-arc-agi-3/environment_files/lf52/271a04aa/lf52.py
  lf52   LEVEL_CAPPED levels=1/10 actions= 465 plays=1 t=  2.65s
2026-06-10 01:32:50 | INFO | Found latest version of lp85: lp85-305b61c3 (downloaded: 2026-04-08 20:07:48.414687+00:00)
2026-06-10 01:32:50 | INFO | Successfully loaded game class Lp85 from /Users/simonsang/.cache/kagglehub/competitions/arc-prize-2026-arc-agi-3/environment_files/lp85/305b61c3/lp85.py
  lp85   LEVEL_CAPPED levels=1/8 actions= 256 plays=1 t=  0.50s
2026-06-10 01:32:50 | INFO | Found latest version of ls20: ls20-9607627b (downloaded: 2026-04-08 20:07:48.377805+00:00)
2026-06-10 01:32:50 | INFO | Successfully loaded game class Ls20 from /Users/simonsang/.cache/kagglehub/competitions/arc-prize-2026-arc-agi-3/environment_files/ls20/9607627b/ls20.py
  ls20   LEVEL_CAPPED levels=0/7 actions= 110 plays=1 t=  0.10s
2026-06-10 01:32:50 | INFO | Found latest version of m0r0: m0r0-492f87ba (downloaded: 2026-04-08 20:07:48.602424+00:00)
2026-06-10 01:32:50 | INFO | Successfully loaded game class M0r0 from /Users/simonsang/.cache/kagglehub/competitions/arc-prize-2026-arc-agi-3/environment_files/m0r0/492f87ba/m0r0.py
  m0r0   LEVEL_CAPPED levels=0/6 actions= 150 plays=1 t=  0.54s
2026-06-10 01:32:51 | INFO | Found latest version of r11l: r11l-495a7899 (downloaded: 2026-04-08 20:07:49.059979+00:00)
2026-06-10 01:32:51 | INFO | Successfully loaded game class R11l from /Users/simonsang/.cache/kagglehub/competitions/arc-prize-2026-arc-agi-3/environment_files/r11l/495a7899/r11l.py
  r11l   LEVEL_CAPPED levels=1/6 actions= 174 plays=1 t=  0.52s
2026-06-10 01:32:51 | INFO | Found latest version of re86: re86-8af5384d (downloaded: 2026-04-08 20:07:48.836769+00:00)
2026-06-10 01:32:52 | INFO | Successfully loaded game class Re86 from /Users/simonsang/.cache/kagglehub/competitions/arc-prize-2026-arc-agi-3/environment_files/re86/8af5384d/re86.py
  re86   LEVEL_CAPPED levels=0/8 actions= 130 plays=1 t=  3.55s
2026-06-10 01:32:55 | INFO | Found latest version of s5i5: s5i5-18d95033 (downloaded: 2026-04-08 20:07:48.660921+00:00)
2026-06-10 01:32:55 | INFO | Successfully loaded game class S5i5 from /Users/simonsang/.cache/kagglehub/competitions/arc-prize-2026-arc-agi-3/environment_files/s5i5/18d95033/s5i5.py
  s5i5   LEVEL_CAPPED levels=0/8 actions= 100 plays=1 t=  0.14s
2026-06-10 01:32:55 | INFO | Found latest version of sb26: sb26-7fbdac44 (downloaded: 2026-04-08 20:07:48.635198+00:00)
2026-06-10 01:32:55 | INFO | Successfully loaded game class Sb26 from /Users/simonsang/.cache/kagglehub/competitions/arc-prize-2026-arc-agi-3/environment_files/sb26/7fbdac44/sb26.py
  sb26   LEVEL_CAPPED levels=0/8 actions=  90 plays=1 t=  0.75s
2026-06-10 01:32:56 | INFO | Found latest version of sc25: sc25-635fd71a (downloaded: 2026-04-08 20:07:48.528260+00:00)
2026-06-10 01:32:56 | INFO | Successfully loaded game class Sc25 from /Users/simonsang/.cache/kagglehub/competitions/arc-prize-2026-arc-agi-3/environment_files/sc25/635fd71a/sc25.py
  sc25   LEVEL_CAPPED levels=0/6 actions= 180 plays=1 t=  0.35s
2026-06-10 01:32:56 | INFO | Found latest version of sk48: sk48-d8078629 (downloaded: 2026-04-08 20:07:48.618059+00:00)
2026-06-10 01:32:56 | INFO | Successfully loaded game class Sk48 from /Users/simonsang/.cache/kagglehub/competitions/arc-prize-2026-arc-agi-3/environment_files/sk48/d8078629/sk48.py
  sk48   LEVEL_CAPPED levels=0/8 actions= 305 plays=1 t=  1.36s
2026-06-10 01:32:58 | INFO | Found latest version of sp80: sp80-589a99af (downloaded: 2026-04-08 20:07:49.027130+00:00)
2026-06-10 01:32:58 | INFO | Successfully loaded game class Sp80 from /Users/simonsang/.cache/kagglehub/competitions/arc-prize-2026-arc-agi-3/environment_files/sp80/589a99af/sp80.py
  sp80   LEVEL_CAPPED levels=0/6 actions= 195 plays=1 t=  2.00s
2026-06-10 01:33:00 | INFO | Found latest version of su15: su15-1944f8ab (downloaded: 2026-04-08 20:07:48.483135+00:00)
2026-06-10 01:33:00 | INFO | Successfully loaded game class Su15 from /Users/simonsang/.cache/kagglehub/competitions/arc-prize-2026-arc-agi-3/environment_files/su15/1944f8ab/su15.py
  su15   LEVEL_CAPPED levels=0/9 actions= 110 plays=1 t=  0.22s
2026-06-10 01:33:00 | INFO | Found latest version of tn36: tn36-ef4dde99 (downloaded: 2026-04-08 20:07:49.155679+00:00)
2026-06-10 01:33:00 | INFO | Successfully loaded game class Tn36 from /Users/simonsang/.cache/kagglehub/competitions/arc-prize-2026-arc-agi-3/environment_files/tn36/ef4dde99/tn36.py
  tn36   LEVEL_CAPPED levels=0/7 actions= 160 plays=1 t=  0.33s
2026-06-10 01:33:00 | INFO | Found latest version of tr87: tr87-cd924810 (downloaded: 2026-04-08 20:07:48.580272+00:00)
2026-06-10 01:33:00 | INFO | Successfully loaded game class Tr87 from /Users/simonsang/.cache/kagglehub/competitions/arc-prize-2026-arc-agi-3/environment_files/tr87/cd924810/tr87.py
  tr87   LEVEL_CAPPED levels=0/6 actions= 270 plays=1 t=  0.66s
2026-06-10 01:33:01 | INFO | Found latest version of tu93: tu93-0768757b (downloaded: 2026-04-08 20:07:48.812498+00:00)
2026-06-10 01:33:01 | INFO | Successfully loaded game class Tu93 from /Users/simonsang/.cache/kagglehub/competitions/arc-prize-2026-arc-agi-3/environment_files/tu93/0768757b/tu93.py
  tu93   LEVEL_CAPPED levels=0/9 actions=  95 plays=1 t=  0.07s
2026-06-10 01:33:01 | INFO | Found latest version of vc33: vc33-5430563c (downloaded: 2026-04-08 20:07:48.794691+00:00)
2026-06-10 01:33:01 | INFO | Successfully loaded game class Vc33 from /Users/simonsang/.cache/kagglehub/competitions/arc-prize-2026-arc-agi-3/environment_files/vc33/5430563c/vc33.py
  vc33   LEVEL_CAPPED levels=0/7 actions=  35 plays=1 t=  0.07s
2026-06-10 01:33:01 | INFO | Found latest version of wa30: wa30-ee6fef47 (downloaded: 2026-04-08 20:07:48.770199+00:00)
2026-06-10 01:33:01 | INFO | Successfully loaded game class Wa30 from /Users/simonsang/.cache/kagglehub/competitions/arc-prize-2026-arc-agi-3/environment_files/wa30/ee6fef47/wa30.py
  wa30   LEVEL_CAPPED levels=0/9 actions= 355 plays=1 t=  3.79s
2026-06-10 01:33:05 | INFO | Closed scorecard: 80d6b9c2-156e-4dfb-a579-8241370704de

Mean RHAE over 25 game(s): 0.22%
RHAE verification: 25/25 runs match
Run record: runs/20260610-013305-cap5-s1.json

=== cap5-s1: outcome ledger ===
game   status             RHAE lvls plays  matched predicted  actions
ar25   ABANDONED          0.00    0     1      136       136      159
       136/136 predicted-steps matched (100.0%) over 159 actions
bp35   ABANDONED          0.00    0     1       89        90      103
       89/90 predicted-steps matched (98.9%) over 103 actions
cd82   ABANDONED          0.00    0     1      173       174      272
       173/174 predicted-steps matched (99.4%) over 272 actions
cn04   ABANDONED          0.00    0     1      127       128      143
       127/128 predicted-steps matched (99.2%) over 143 actions
dc22   ABANDONED          0.00    0     1      123       124      292
       123/124 predicted-steps matched (99.2%) over 292 actions
ft09   ABANDONED          0.00    0     1      203       204      214
       203/204 predicted-steps matched (99.5%) over 214 actions
g50t   ABANDONED          0.00    0     1      375       377      387
       375/377 predicted-steps matched (99.5%) over 387 actions
ka59   ABANDONED          0.00    0     1      126       127      138
       126/127 predicted-steps matched (99.2%) over 138 actions
lf52   ABANDONED          0.52    1     1      426       427      464
       426/427 predicted-steps matched (99.8%) over 464 actions
lp85   ABANDONED          0.18    1     1      233       235      255
       233/235 predicted-steps matched (99.1%) over 255 actions
ls20   ABANDONED          0.00    0     1       99        99      109
       99/99 predicted-steps matched (100.0%) over 109 actions
m0r0   ABANDONED          0.00    0     1      136       136      149
       136/136 predicted-steps matched (100.0%) over 149 actions
r11l   ABANDONED          4.76    1     1        6         7      157
       6/7 predicted-steps matched (85.7%) over 157 actions
re86   ABANDONED          0.00    0     1       72        72      128
       72/72 predicted-steps matched (100.0%) over 128 actions
s5i5   ABANDONED          0.00    0     1       39        40       98
       39/40 predicted-steps matched (97.5%) over 98 actions
sb26   ABANDONED          0.00    0     1       77        78       89
       77/78 predicted-steps matched (98.7%) over 89 actions
sc25   ABANDONED          0.00    0     1       65        66      177
       65/66 predicted-steps matched (98.5%) over 177 actions
sk48   ABANDONED          0.00    0     1      289       289      304
       289/289 predicted-steps matched (100.0%) over 304 actions
sp80   ABANDONED          0.00    0     1      166       172      188
       166/172 predicted-steps matched (96.5%) over 188 actions
su15   ABANDONED          0.00    0     1       24        25      106
       24/25 predicted-steps matched (96.0%) over 106 actions
tn36   ABANDONED          0.00    0     1       50        51      157
       50/51 predicted-steps matched (98.0%) over 157 actions
tr87   ABANDONED          0.00    0     1      255       257      267
       255/257 predicted-steps matched (99.2%) over 267 actions
tu93   ABANDONED          0.00    0     1       72        73       93
       72/73 predicted-steps matched (98.6%) over 93 actions
vc33   ABANDONED          0.00    0     1       24        24       34
       24/24 predicted-steps matched (100.0%) over 34 actions
wa30   ABANDONED          0.00    0     1      159       159      353
       159/159 predicted-steps matched (100.0%) over 353 actions

results: results/cap5-s1/  (events.jsonl.gz, summary.json)
