INFO:arc_agi.scorecard:Initialized ScorecardManager with idle_for=0:15:00 and max_open_for=3 days, 0:00:00
INFO:arc_agi.scorecard:Initialized ScorecardManager with idle_for=0:15:00 and max_open_for=3 days, 0:00:00
INFO:arc_agi.scorecard:Initialized ScorecardManager with idle_for=0:15:00 and max_open_for=3 days, 0:00:00
2026-06-10 08:56:57 | INFO | Created new scorecard: 10a8976b-28a5-4a91-9db7-b248cc98e54f
2026-06-10 08:56:57 | INFO | Found latest version of ar25: ar25-0c556536 (downloaded: 2026-04-08 20:07:48.460282+00:00)
2026-06-10 08:56:57 | INFO | Successfully loaded game class Ar25 from /Users/simonsang/.cache/kagglehub/competitions/arc-prize-2026-arc-agi-3/environment_files/ar25/0c556536/ar25.py
  ar25   NOT_FINISHED levels=0/8 actions=28500 plays=1 t=144.01s
2026-06-10 08:59:22 | INFO | Found latest version of bp35: bp35-0a0ad940 (downloaded: 2026-04-08 20:07:48.891045+00:00)
2026-06-10 08:59:22 | INFO | Successfully loaded game class Bp35 from /Users/simonsang/.cache/kagglehub/competitions/arc-prize-2026-arc-agi-3/environment_files/bp35/0a0ad940/bp35.py
  bp35   NOT_FINISHED levels=0/9 actions=4505 plays=1 t=144.06s
2026-06-10 09:01:46 | INFO | Found latest version of cd82: cd82-fb555c5d (downloaded: 2026-04-08 20:07:49.045128+00:00)
2026-06-10 09:01:46 | INFO | Successfully loaded game class Cd82 from /Users/simonsang/.cache/kagglehub/competitions/arc-prize-2026-arc-agi-3/environment_files/cd82/fb555c5d/cd82.py
  cd82   NOT_FINISHED levels=0/6 actions=4674 plays=1 t=144.34s
2026-06-10 09:04:10 | INFO | Found latest version of cn04: cn04-2fe56bfb (downloaded: 2026-04-08 20:07:49.199835+00:00)
2026-06-10 09:04:10 | INFO | Successfully loaded game class Cn04 from /Users/simonsang/.cache/kagglehub/competitions/arc-prize-2026-arc-agi-3/environment_files/cn04/2fe56bfb/cn04.py
  cn04   NOT_FINISHED levels=0/6 actions=21891 plays=1 t=144.10s
2026-06-10 09:06:35 | INFO | Found latest version of dc22: dc22-fdcac232 (downloaded: 2026-04-08 20:07:48.341428+00:00)
2026-06-10 09:06:35 | INFO | Successfully loaded game class Dc22 from /Users/simonsang/.cache/kagglehub/competitions/arc-prize-2026-arc-agi-3/environment_files/dc22/fdcac232/dc22.py
  dc22   NOT_FINISHED levels=0/6 actions=8939 plays=1 t=144.03s
2026-06-10 09:08:59 | INFO | Found latest version of ft09: ft09-0d8bbf25 (downloaded: 2026-04-08 20:07:48.508616+00:00)
2026-06-10 09:08:59 | INFO | Successfully loaded game class Ft09 from /Users/simonsang/.cache/kagglehub/competitions/arc-prize-2026-arc-agi-3/environment_files/ft09/0d8bbf25/ft09.py
  ft09   NOT_FINISHED levels=0/6 actions=13350 plays=1 t=144.02s
2026-06-10 09:11:23 | INFO | Found latest version of g50t: g50t-5849a774 (downloaded: 2026-04-08 20:07:49.106051+00:00)
2026-06-10 09:11:23 | INFO | Successfully loaded game class G50t from /Users/simonsang/.cache/kagglehub/competitions/arc-prize-2026-arc-agi-3/environment_files/g50t/5849a774/g50t.py
  g50t   NOT_FINISHED levels=0/7 actions=13264 plays=1 t=144.05s
2026-06-10 09:13:47 | INFO | Found latest version of ka59: ka59-38d34dbb (downloaded: 2026-04-08 20:07:48.716889+00:00)
2026-06-10 09:13:47 | INFO | Successfully loaded game class Ka59 from /Users/simonsang/.cache/kagglehub/competitions/arc-prize-2026-arc-agi-3/environment_files/ka59/38d34dbb/ka59.py
  ka59   NOT_FINISHED levels=0/7 actions=7677 plays=1 t=144.05s
2026-06-10 09:16:11 | INFO | Found latest version of lf52: lf52-271a04aa (downloaded: 2026-04-08 20:07:48.931954+00:00)
2026-06-10 09:16:11 | INFO | Successfully loaded game class Lf52 from /Users/simonsang/.cache/kagglehub/competitions/arc-prize-2026-arc-agi-3/environment_files/lf52/271a04aa/lf52.py
  lf52   NOT_FINISHED levels=0/10 actions= 773 plays=1 t=144.24s
2026-06-10 09:18:35 | INFO | Found latest version of lp85: lp85-305b61c3 (downloaded: 2026-04-08 20:07:48.414687+00:00)
2026-06-10 09:18:35 | INFO | Successfully loaded game class Lp85 from /Users/simonsang/.cache/kagglehub/competitions/arc-prize-2026-arc-agi-3/environment_files/lp85/305b61c3/lp85.py
  lp85   NOT_FINISHED levels=1/8 actions=14097 plays=1 t=154.48s
2026-06-10 09:21:10 | INFO | Found latest version of ls20: ls20-9607627b (downloaded: 2026-04-08 20:07:48.377805+00:00)
2026-06-10 09:21:10 | INFO | Successfully loaded game class Ls20 from /Users/simonsang/.cache/kagglehub/competitions/arc-prize-2026-arc-agi-3/environment_files/ls20/9607627b/ls20.py
  ls20   NOT_FINISHED levels=0/7 actions=12707 plays=1 t=144.03s
2026-06-10 09:23:34 | INFO | Found latest version of m0r0: m0r0-492f87ba (downloaded: 2026-04-08 20:07:48.602424+00:00)
2026-06-10 09:23:34 | INFO | Successfully loaded game class M0r0 from /Users/simonsang/.cache/kagglehub/competitions/arc-prize-2026-arc-agi-3/environment_files/m0r0/492f87ba/m0r0.py
  m0r0   NOT_FINISHED levels=0/6 actions=10127 plays=1 t=146.18s
2026-06-10 09:26:00 | INFO | Found latest version of r11l: r11l-495a7899 (downloaded: 2026-04-08 20:07:49.059979+00:00)
2026-06-10 09:26:00 | INFO | Successfully loaded game class R11l from /Users/simonsang/.cache/kagglehub/competitions/arc-prize-2026-arc-agi-3/environment_files/r11l/495a7899/r11l.py
  r11l   NOT_FINISHED levels=1/6 actions=5621 plays=1 t=148.20s
2026-06-10 09:28:29 | INFO | Found latest version of re86: re86-8af5384d (downloaded: 2026-04-08 20:07:48.836769+00:00)
2026-06-10 09:28:29 | INFO | Successfully loaded game class Re86 from /Users/simonsang/.cache/kagglehub/competitions/arc-prize-2026-arc-agi-3/environment_files/re86/8af5384d/re86.py
  re86   NOT_FINISHED levels=0/8 actions=28401 plays=1 t=144.07s
2026-06-10 09:30:53 | INFO | Found latest version of s5i5: s5i5-18d95033 (downloaded: 2026-04-08 20:07:48.660921+00:00)
2026-06-10 09:30:53 | INFO | Successfully loaded game class S5i5 from /Users/simonsang/.cache/kagglehub/competitions/arc-prize-2026-arc-agi-3/environment_files/s5i5/18d95033/s5i5.py
  s5i5   NOT_FINISHED levels=0/8 actions=13262 plays=1 t=144.24s
2026-06-10 09:33:17 | INFO | Found latest version of sb26: sb26-7fbdac44 (downloaded: 2026-04-08 20:07:48.635198+00:00)
2026-06-10 09:33:17 | INFO | Successfully loaded game class Sb26 from /Users/simonsang/.cache/kagglehub/competitions/arc-prize-2026-arc-agi-3/environment_files/sb26/7fbdac44/sb26.py
  sb26   NOT_FINISHED levels=0/8 actions=20029 plays=1 t=144.05s
2026-06-10 09:35:42 | INFO | Found latest version of sc25: sc25-635fd71a (downloaded: 2026-04-08 20:07:48.528260+00:00)
2026-06-10 09:35:42 | INFO | Successfully loaded game class Sc25 from /Users/simonsang/.cache/kagglehub/competitions/arc-prize-2026-arc-agi-3/environment_files/sc25/635fd71a/sc25.py
  sc25   NOT_FINISHED levels=0/6 actions=15019 plays=1 t=144.04s
2026-06-10 09:38:06 | INFO | Found latest version of sk48: sk48-d8078629 (downloaded: 2026-04-08 20:07:48.618059+00:00)
2026-06-10 09:38:06 | INFO | Successfully loaded game class Sk48 from /Users/simonsang/.cache/kagglehub/competitions/arc-prize-2026-arc-agi-3/environment_files/sk48/d8078629/sk48.py
  sk48   NOT_FINISHED levels=0/8 actions=12557 plays=1 t=151.36s
2026-06-10 09:40:38 | INFO | Found latest version of sp80: sp80-589a99af (downloaded: 2026-04-08 20:07:49.027130+00:00)
2026-06-10 09:40:38 | INFO | Successfully loaded game class Sp80 from /Users/simonsang/.cache/kagglehub/competitions/arc-prize-2026-arc-agi-3/environment_files/sp80/589a99af/sp80.py
  sp80   NOT_FINISHED levels=1/6 actions=10551 plays=1 t=147.00s
2026-06-10 09:43:05 | INFO | Found latest version of su15: su15-1944f8ab (downloaded: 2026-04-08 20:07:48.483135+00:00)
2026-06-10 09:43:05 | INFO | Successfully loaded game class Su15 from /Users/simonsang/.cache/kagglehub/competitions/arc-prize-2026-arc-agi-3/environment_files/su15/1944f8ab/su15.py
  su15   NOT_FINISHED levels=0/9 actions=9239 plays=1 t=144.34s
2026-06-10 09:45:29 | INFO | Found latest version of tn36: tn36-ef4dde99 (downloaded: 2026-04-08 20:07:49.155679+00:00)
2026-06-10 09:45:30 | INFO | Successfully loaded game class Tn36 from /Users/simonsang/.cache/kagglehub/competitions/arc-prize-2026-arc-agi-3/environment_files/tn36/ef4dde99/tn36.py
  tn36   NOT_FINISHED levels=1/7 actions=4726 plays=1 t=146.01s
2026-06-10 09:47:56 | INFO | Found latest version of tr87: tr87-cd924810 (downloaded: 2026-04-08 20:07:48.580272+00:00)
2026-06-10 09:47:56 | INFO | Successfully loaded game class Tr87 from /Users/simonsang/.cache/kagglehub/competitions/arc-prize-2026-arc-agi-3/environment_files/tr87/cd924810/tr87.py
  tr87   NOT_FINISHED levels=0/6 actions=10580 plays=1 t=145.38s
2026-06-10 09:50:21 | INFO | Found latest version of tu93: tu93-0768757b (downloaded: 2026-04-08 20:07:48.812498+00:00)
2026-06-10 09:50:21 | INFO | Successfully loaded game class Tu93 from /Users/simonsang/.cache/kagglehub/competitions/arc-prize-2026-arc-agi-3/environment_files/tu93/0768757b/tu93.py
  tu93   NOT_FINISHED levels=0/9 actions=24407 plays=1 t=144.03s
2026-06-10 09:52:45 | INFO | Found latest version of vc33: vc33-5430563c (downloaded: 2026-04-08 20:07:48.794691+00:00)
2026-06-10 09:52:45 | INFO | Successfully loaded game class Vc33 from /Users/simonsang/.cache/kagglehub/competitions/arc-prize-2026-arc-agi-3/environment_files/vc33/5430563c/vc33.py
  vc33   NOT_FINISHED levels=2/7 actions=3022 plays=1 t=154.15s
2026-06-10 09:55:19 | INFO | Found latest version of wa30: wa30-ee6fef47 (downloaded: 2026-04-08 20:07:48.770199+00:00)
2026-06-10 09:55:19 | INFO | Successfully loaded game class Wa30 from /Users/simonsang/.cache/kagglehub/competitions/arc-prize-2026-arc-agi-3/environment_files/wa30/ee6fef47/wa30.py
  wa30   NOT_FINISHED levels=0/9 actions=44925 plays=1 t=144.01s
2026-06-10 09:57:44 | INFO | Closed scorecard: 10a8976b-28a5-4a91-9db7-b248cc98e54f

Mean RHAE over 25 game(s): 0.13%
RHAE verification: 25/25 runs match
Run record: runs/20260610-095744-explore-uncap.json

=== explore-uncap: outcome ledger ===
game   status             RHAE lvls plays  matched predicted  actions
ar25   ABANDONED          0.00    0     1      394       400    28320
       394/400 predicted-steps matched (98.5%) over 28320 actions
bp35   ABANDONED          0.00    0     1     1464      1467     4433
       1464/1467 predicted-steps matched (99.8%) over 4433 actions
cd82   ABANDONED          0.00    0     1     2017      2023     4628
       2017/2023 predicted-steps matched (99.7%) over 4628 actions
cn04   ABANDONED          0.00    0     1      484       513    21603
       484/513 predicted-steps matched (94.3%) over 21603 actions
dc22   ABANDONED          0.00    0     1     1875      1945     8870
       1875/1945 predicted-steps matched (96.4%) over 8870 actions
ft09   ABANDONED          0.00    0     1      694       696    13330
       694/696 predicted-steps matched (99.7%) over 13330 actions
g50t   ABANDONED          0.00    0     1     1458      1639    13163
       1458/1639 predicted-steps matched (89.0%) over 13163 actions
ka59   ABANDONED          0.00    0     1     3003      3012     7601
       3003/3012 predicted-steps matched (99.7%) over 7601 actions
lf52   ABANDONED          0.00    0     1      727       737      767
       727/737 predicted-steps matched (98.6%) over 767 actions
lp85   ABANDONED          0.00    1     1     4232      4235    14089
       4232/4235 predicted-steps matched (99.9%) over 14089 actions
ls20   ABANDONED          0.00    0     1      422       426    12612
       422/426 predicted-steps matched (99.1%) over 12612 actions
m0r0   ABANDONED          0.00    0     1     1031      1035    10061
       1031/1035 predicted-steps matched (99.6%) over 10061 actions
r11l   ABANDONED          2.94    1     1       17        18     5360
       17/18 predicted-steps matched (94.4%) over 5360 actions
re86   ABANDONED          0.00    0     1      679       703    28120
       679/703 predicted-steps matched (96.6%) over 28120 actions
s5i5   ABANDONED          0.00    0     1       39        40    13002
       39/40 predicted-steps matched (97.5%) over 13002 actions
sb26   ABANDONED          0.00    0     1     3162      3168    19990
       3162/3168 predicted-steps matched (99.8%) over 19990 actions
sc25   ABANDONED          0.00    0     1     1468      1472    14744
       1468/1472 predicted-steps matched (99.7%) over 14744 actions
sk48   ABANDONED          0.00    0     1      630       631    12532
       630/631 predicted-steps matched (99.8%) over 12532 actions
sp80   ABANDONED          0.03    1     1      693       696    10261
       693/696 predicted-steps matched (99.6%) over 10261 actions
su15   ABANDONED          0.00    0     1      471       473     8991
       471/473 predicted-steps matched (99.6%) over 8991 actions
tn36   ABANDONED          0.19    1     1       50        51     4650
       50/51 predicted-steps matched (98.0%) over 4650 actions
tr87   ABANDONED          0.00    0     1     2893      2897    10498
       2893/2897 predicted-steps matched (99.9%) over 10498 actions
tu93   ABANDONED          0.00    0     1      289       293    22559
       289/293 predicted-steps matched (98.6%) over 22559 actions
vc33   ABANDONED          0.01    2     1       39        40     2977
       39/40 predicted-steps matched (97.5%) over 2977 actions
wa30   ABANDONED          0.00    0     1      434       447    44702
       434/447 predicted-steps matched (97.1%) over 44702 actions

results: results/explore-uncap/  (events.jsonl.gz, summary.json)
